{"message":"Country with id 11 not found.","level":"error"}
{"message":"Country with id 199 not found.","level":"error"}
{"message":"Country with id undefined not found.","level":"error"}
{"message":"Country with id undefined not found.","level":"error"}
{"message":"Country with id undefined not found.","level":"error"}
{"message":"Country with id undefined not found.","level":"error"}
{"message":"Country with id undefined not found.","level":"error"}
{"message":"Country with id undefined not found.","level":"error"}
{"message":"Country with id undefined not found.","level":"error"}
{"message":"Country with id jhkgjfdh not found.","level":"error"}
{"message":"Country with id undefined not found.","level":"error"}
{"message":"Country with id undefined not found.","level":"error"}
{"message":"Country with id undefined not found.","level":"error"}
{"message":"Country with id Hungary not found.","level":"error"}
{"message":"Country with id United Kingdom not found.","level":"error"}
{"message":"Language for United Kingdom not found.","level":"error"}
{"message":"Places for United Kingdom not found.","level":"error"}
{"message":"Country with id United Kingdom not found.","level":"error"}
{"message":"Places for United Kingdom not found.","level":"error"}
{"message":"Language for United Kingdom not found.","level":"error"}
{"message":"Country with id United Kingdom not found.","level":"error"}
{"message":"Places for United Kingdom not found.","level":"error"}
{"message":"Language for United Kingdom not found.","level":"error"}
{"message":"Country with id United Kingdom not found.","level":"error"}
{"message":"Places for United Kingdom not found.","level":"error"}
{"message":"Language for United Kingdom not found.","level":"error"}
{"message":"Country with id United Kingdom not found.","level":"error"}
{"message":"Places for United Kingdom not found.","level":"error"}
{"message":"Language for United Kingdom not found.","level":"error"}
{"message":"Country with id gfhf not found.","level":"error"}
{"message":"Places for gfhf not found.","level":"error"}
{"message":"Language for gfhf not found.","level":"error"}
{"message":"Country with id gfhf not found.","level":"error"}
{"message":"Places for gfhf not found.","level":"error"}
{"message":"Language for gfhf not found.","level":"error"}
{"message":"Country with id gjhgfghdd not found.","level":"error"}
{"message":"Places for gjhgfghdd not found.","level":"error"}
{"message":"Language for gjhgfghdd not found.","level":"error"}
{"message":"Country with id dsjgs not found.","level":"error"}
{"message":"Places for dsjgs not found.","level":"error"}
{"message":"Language for dsjgs not found.","level":"error"}
{"message":"Country with id sjdgjhsgdfsd not found.","level":"error"}
{"message":"Places for sjdgjhsgdfsd not found.","level":"error"}
{"message":"Language for sjdgjhsgdfsd not found.","level":"error"}
{"message":"Country with id sjdgjhsgdfsd not found.","level":"error"}
{"message":"Places for sjdgjhsgdfsd not found.","level":"error"}
{"message":"Language for sjdgjhsgdfsd not found.","level":"error"}
{"message":"Country with id sjdgjhsgdfsd not found.","level":"error"}
{"message":"Places for sjdgjhsgdfsd not found.","level":"error"}
{"message":"Language for sjdgjhsgdfsd not found.","level":"error"}
{"message":"Country with id 7645647 not found.","level":"error"}
{"message":"Places for 7645647 not found.","level":"error"}
{"message":"Language for 7645647 not found.","level":"error"}
{"message":"Country with id 7645647 not found.","level":"error"}
{"message":"Places for 7645647 not found.","level":"error"}
{"message":"Language for 7645647 not found.","level":"error"}
{"message":"Country with id 7645647 not found.","level":"error"}
{"message":"Places for 7645647 not found.","level":"error"}
{"message":"Language for 7645647 not found.","level":"error"}
{"message":"Country with id 6789 not found.","level":"error"}
{"message":"Places for 6789 not found.","level":"error"}
{"message":"Language for 6789 not found.","level":"error"}
{"message":"Country with id 5678 not found.","level":"error"}
{"message":"Places for 5678 not found.","level":"error"}
{"message":"Language for 5678 not found.","level":"error"}
{"message":"Country with id 0 not found.","level":"error"}
{"message":"Places for 0 not found.","level":"error"}
{"message":"Language for 0 not found.","level":"error"}
{"message":"Country with id 67 not found.","level":"error"}
{"message":"Places for 67 not found.","level":"error"}
{"message":"Language for 67 not found.","level":"error"}
{"message":"Country with id 567 not found.","level":"error"}
{"message":"Places for 567 not found.","level":"error"}
{"message":"Language for 567 not found.","level":"error"}
{"message":"Country with id 67 not found.","level":"error"}
{"message":"Places for 67 not found.","level":"error"}
{"message":"Language for 67 not found.","level":"error"}
{"message":"Country with id 23456 not found.","level":"error"}
{"message":"Places for 23456 not found.","level":"error"}
{"message":"Language for 23456 not found.","level":"error"}
{"message":"Country with id 567 not found.","level":"error"}
{"message":"Places for 567 not found.","level":"error"}
{"message":"Language for 567 not found.","level":"error"}
{"message":"Country with id 43543 not found.","level":"error"}
{"message":"Places for 43543 not found.","level":"error"}
{"message":"Language for 43543 not found.","level":"error"}
{"message":"Country with id jsdfgjsd not found.","level":"error"}
{"message":"Places for jsdfgjsd not found.","level":"error"}
{"message":"Language for jsdfgjsd not found.","level":"error"}
